-0.224841   -0.169782   -0.218795
-0.127554   0.0901673   -0.21702
-0.355051   0.322576   -0.00668807
-0.273285   -0.347463   0.163274
0.478411   -0.211338   0.426258
0.0870536   0.0715711   -0.102936
-0.328093   -0.290043   -0.440013
0.281302   -0.369982   -0.0450918
0.0255633   -0.29348   -0.182155
-0.0552028   -0.0776341   -0.123796
0.403172   -0.00291549   0.471223
-0.37923   0.0883577   -0.47724
-0.17878   -0.237454   -0.0338499
-0.108592   -0.382319   0.290079
0.334475   -0.153093   0.0749764
0.113895   -0.0461462   0.0931075
-0.0841483   0.0820574   0.105397
-0.215927   0.449244   0.273185
-0.251088   0.166969   0.367355
0.0999606   0.398448   -0.372182
-0.426337   0.0845101   -0.010594
0.194693   -0.172205   -0.0823753
-0.269844   -0.0619574   -0.0369731
0.0626706   0.34054   -0.15639
-0.310904   0.384062   -0.189965
0.233601   0.0489534   0.210803
-0.0839821   -0.175348   0.188877
-0.444695   -0.119434   0.0545014
0.40316   -0.0981238   0.259186
0.391206   -0.246659   -0.132673
-0.0470862   -0.466079   -0.0840743
0.186453   -0.382174   0.167219
0.18714   0.157469   -0.273327
-0.174388   0.350093   0.456232
0.430476   0.415916   0.314127
-0.32133   0.0315924   0.17039
0.229896   0.494773   0.378294
0.240942   -0.241466   0.316536
0.466782   0.269363   0.127268
0.492393   0.239652   0.481055
-0.390736   -0.431897   -0.238225
-0.133833   0.317828   -0.121457
0.274222   0.169919   -0.470189
-0.160224   0.397806   0.0629574
0.38897   0.187723   -0.171437
-0.381476   -0.460939   0.354262
0.171801   0.315833   0.399725
0.342584   0.347193   -0.491792
-0.370198   -0.299225   -0.0107232
-0.343424   0.0122026   -0.261672
0.0953047   -0.118946   -0.235992
0.322408   -0.316375   0.499314
-0.0571432   0.158905   0.447856
0.447693   -0.0194078   -0.172871
-0.462068   0.348752   -0.318325
0.314151   0.0153311   -0.0374958
-0.0723005   -0.216689   -0.374575
0.150237   -0.469183   -0.194206
0.00947132   0.440305   0.440293
-0.216555   -0.0299476   -0.483519
0.0147577   0.497369   0.229124
-0.414455   -0.0287252   0.373159
-0.220772   0.128313   -0.0414384
0.430897   -0.367092   0.153681
-0.168108   -0.383389   0.487784
-0.261228   -0.454394   -0.0903523
-0.123327   0.0101442   0.30024
0.199033   0.357916   0.222037
-0.054591   0.309288   0.231783
0.0852533   -0.338981   0.371027
-0.00116744   -0.00772232   -0.439376
0.167084   -0.193617   -0.455265
0.15952   0.0242143   0.46268
0.0377705   0.228964   0.0425323
-0.172212   -0.40777   -0.292878
-0.0512645   -0.193737   0.416986
0.259606   0.346562   -0.223562
0.0969347   -0.0951756   0.325906
0.441024   0.369676   -0.0609787
0.490979   -0.425352   -0.0771043
-0.128184   0.397217   -0.343448
-0.250029   0.2299   0.144893
-0.425865   -0.10983   -0.40969
0.108066   0.499967   0.0213326
-0.108894   -0.390399   0.0822973
-0.246733   -0.151478   0.325572
0.476965   -0.489924   -0.453961
0.0638387   -0.395356   -0.363126
0.403528   -0.488741   -0.236508
-0.0037869   0.209647   -0.307293
0.324686   -0.0744795   -0.335302
0.439334   0.111165   -0.353679
-0.434751   -0.181422   -0.201163
0.0583901   0.119245   0.25854
0.382148   0.19584   0.305333
0.246574   -0.471692   -0.410249
0.309165   0.444228   0.0880902
0.454064   0.0529177   0.150746
0.0428589   -0.269727   0.016695
-0.437791   -0.246071   0.232436
-0.364424   0.190397   -0.173216
-0.31835   0.446797   -0.389004
-0.247079   0.231795   -0.338767
0.254301   0.244259   0.0313243
0.230286   -0.298753   -0.298181
-0.427161   0.493645   0.129427
-0.373144   0.34488   0.391552
0.444482   -0.310922   -0.325761
