-0.100041   1.09033   0.620737
0.210703   2.23431   -0.886361
-0.643224   2.32241   -0.866087
1.55912   2.00966   1.50086
0.291839   0.356322   -1.59485
-0.0129668   0.0552279   -0.592626
0.78202   0.768251   -1.04044
-0.709565   -0.262479   -0.553174
-1.57564   -0.0236494   -0.998022
0.463317   -0.872676   0.855272
-0.848356   0.755192   -0.264608
0.682337   0.533992   0.559955
-0.57858   1.10212   -1.12003
1.41934   1.12993   -0.720839
0.78009   -0.037262   0.390173
-0.345638   -0.147691   -2.99817
1.32784   -1.99801   0.532953
0.0508677   -0.922557   -0.445554
0.775781   0.146386   -1.64947
0.62315   -0.324469   -0.00598314
-0.0730416   -0.572802   -1.15857
0.454824   0.290107   0.107703
-0.323746   0.703465   -2.12378
-0.899497   -0.681199   2.30585
2.10586   0.436433   -2.13482
-0.13451   0.619878   1.34855
1.3289   0.719423   0.0204659
2.85976   -0.729245   1.40208
0.00233291   -1.53642   -0.324767
0.192848   0.331092   -0.36602
-0.714713   -0.112342   -0.213328
-2.48584   -2.56308   -0.0614855
0.359426   1.40871   -1.18543
0.829576   -0.383834   1.07621
0.58814   0.654918   -0.583386
-1.15414   1.72691   -0.675955
-1.19919   -0.58687   -0.179702
1.14902   -0.0989316   1.78928
1.10053   2.91142   -0.78236
-0.7031   0.410324   1.55609
-2.41821   -1.06195   -1.63656
0.557188   -0.747272   -0.617032
-0.296226   0.596607   0.737223
0.0751724   0.306975   -0.62097
-1.11498   0.588224   1.01171
-0.0109081   -1.59586   -0.668903
-0.594439   0.0829672   -0.732855
2.5656   -0.14216   1.72867
0.920401   -2.23013   0.348764
-0.435847   1.17813   1.45357
-1.19459   -0.556518   0.180052
0.55015   0.787549   -1.2857
-1.24151   -1.2423   0.0372803
0.576656   1.3122   1.05958
-1.14532   -0.551342   -0.28061
0.437656   -0.262444   0.0119505
-1.5344   1.63499   1.21841
-1.42152   2.2994   -1.25048
1.03955   -0.30105   1.05059
-0.180561   1.30622   -0.143648
1.43141   -1.58476   -2.06138
-0.829775   1.66678   1.14515
2.51489   -2.24468   -1.70144
-0.788252   -1.93909   0.59333
1.89235   0.594236   0.389713
-0.746729   -0.67589   0.333619
0.00447092   -0.0294451   0.094764
-0.547491   0.377031   -0.404238
0.641948   -1.29129   0.13119
-1.57762   2.19643   -0.156439
1.26182   -0.715038   -0.525579
-0.444315   2.51197   0.437636
-0.696091   -0.0618522   0.363901
0.953665   0.138146   -1.31766
0.377995   0.464443   1.89595
-1.18127   1.1456   2.78267
-0.642271   0.808234   -1.02408
-0.642861   0.740213   0.039407
-1.18267   -0.277642   -0.131724
0.057715   -1.79474   -1.87386
-2.20942   1.09958   -0.151219
1.85496   -1.74663   0.801102
-0.0306291   -0.435183   -0.457025
-0.412935   -0.297197   0.391679
1.42411   -0.878633   1.37248
-0.803155   0.0798631   0.163761
-0.857596   0.48066   -0.0492788
0.321545   -1.61797   0.253446
1.18135   0.244378   -0.595208
2.19409   -1.92365   0.3042
-0.600977   0.127896   1.94769
1.4121   -1.43469   0.289853
-0.233138   1.32094   0.669805
-0.0706295   -0.496389   1.01275
0.279119   0.22217   -0.509275
0.114687   -1.87947   0.670598
-0.00315194   0.989552   -1.41996
-0.569463   -1.29411   -0.0480998
-1.32652   -0.576442   0.652462
-0.513506   -0.335826   -0.462312
-1.85021   -0.630423   1.17874
-0.412955   -0.893904   1.24545
-1.43209   0.701269   -0.48839
-1.39454   0.262634   -0.0715458
0.103126   0.620519   1.41519
1.08693   -1.04061   0.248369
-0.289178   -0.375317   -0.0112842
0.611461   -2.5872   0.493706
